<?xml version="1.0" encoding="UTF-8"?>
<!-- Generated by org.testng.reporters.JUnitReportReporter -->
<testsuite hostname="WIN-22PUACE5BKI" failures="0" tests="5" name="Test_assignment.Demchenko.Tests2" time="36.661" errors="0" timestamp="2024-01-24T18:38:24 EET" skipped="0">
  <testcase classname="Test_assignment.Demchenko.Tests2" name="CareersPageBlocksAreOpened" time="5.536"/>
  <system-out/>
  <testcase classname="Test_assignment.Demchenko.Tests2" name="RedirectionToPositionPage" time="8.786"/>
  <system-out/>
  <testcase classname="Test_assignment.Demchenko.Tests2" name="QAPositionsListPresenceWithFiltration" time="9.118"/>
  <system-out/>
  <testcase classname="Test_assignment.Demchenko.Tests2" name="CheckFilteredPositions" time="9.020"/>
  <system-out/>
  <testcase classname="Test_assignment.Demchenko.Tests2" name="HomePageIsOpened" time="4.201"/>
  <system-out/>
</testsuite> <!-- Test_assignment.Demchenko.Tests2 -->
