<?xml version="1.0" encoding="UTF-8"?>
<!-- Generated by org.testng.reporters.JUnitReportReporter -->
<testsuite hostname="WIN-22PUACE5BKI" failures="0" tests="6" name="Test_assignment.Tests.Tests" time="61.142" errors="0" timestamp="2024-01-25T22:36:56 EET" skipped="0">
  <testcase classname="Test_assignment.Tests.Tests" name="CheckFilteredPositions" time="13.862"/>
  <system-out/>
  <testcase classname="Test_assignment.Tests.Tests" name="QAPositionsListPresenceWithFiltration" time="10.585"/>
  <system-out/>
  <testcase classname="Test_assignment.Tests.Tests" name="HomePageIsOpened" time="5.510"/>
  <system-out/>
  <testcase classname="Test_assignment.Tests.Tests" name="RedirectionToPositionPage" time="12.399"/>
  <system-out/>
  <testcase classname="Test_assignment.Tests.Tests" name="CareersPageBlocksAreOpened" time="7.558"/>
  <system-out/>
  <testcase classname="Test_assignment.Tests.Tests" name="CheckFilteredPositions" time="11.228"/>
  <system-out/>
</testsuite> <!-- Test_assignment.Tests.Tests -->
