<?xml version="1.0" encoding="UTF-8"?>
<!-- Generated by org.testng.reporters.JUnitReportReporter -->
<testsuite hostname="WIN-22PUACE5BKI" failures="0" tests="1" name="Test_assignment.Demchenko.MyTest1" time="0.003" errors="0" timestamp="23 січ. 2024 16:10:55 GMT" skipped="0">
  <testcase classname="Test_assignment.Demchenko.MyTest1" name="FillForm" time="0.003"/>
</testsuite> <!-- Test_assignment.Demchenko.MyTest1 -->
